<?xml version="1.0" encoding="UTF-8" ?>
<testsuite tests="6" failures="0" name="sp.RunnerTest" time="0.016" errors="2" skipped="1">
  <properties>
[...]
</properties>
  <testcase classname="| ikev2 |" name="Given IPVanish is accessible" time="0.002"/>
  <testcase classname="| ikev2 |" name="And I am logged" time="0"/>
  <testcase classname="| ikev2 |" name="When I select &quot;ikev2&quot;" time="0"/>
  <testcase classname="| ikev2 |" name="And attempt connection" time="0.004">
    <error message="src/test/resources/images/allow.png: (83x26) seen at (835, 332) with 0.97 in S(0)[0,0 1440x900] E:Y, T:3.0" type="FindFailed">FindFailed: src/test/resources/images/allow.png: (83x26) seen at (835, 332) with 0.97 in S(0)[0,0 1440x900] E:Y, T:3.0
  Line 2761, in file Region.java

	at org.sikuli.script.Region.wait(Region.java:2761)
	at org.sikuli.script.Region.find(Region.java:2326)
	at org.sikuli.script.Region.getLocationFromTarget(Region.java:3220)
	at org.sikuli.script.Region.click(Region.java:3718)
	at org.sikuli.script.Region.click(Region.java:3703)
	at sp.StepDefinitions.attempt_connection(StepDefinitions.java:74)
	at ✽.And attempt connection(features/quick_connect.feature:6)
</error>
    <system-out>[log] CLICK on L(197,310)@S(0)[0,0 1440x900] (595 msec)
[log] CLICK on L(911,747)@S(0)[0,0 1440x900] (597 msec)
[log] CLICK on L(747,314)@S(0)[0,0 1440x900] (599 msec)
[log] CLICK on L(791,304)@S(0)[0,0 1440x900] (598 msec)
[log]  TYPE &quot;vico2018&quot;
[log] CLICK on L(876,345)@S(0)[0,0 1440x900] (597 msec)
[log] CLICK on L(791,297)@S(0)[0,0 1440x900] (594 msec)
[log]  TYPE &quot;vico2018&quot;
</system-out>
  </testcase>
  <testcase classname="| ikev2 |" name="| ikev2 |" time="0.005">
    <error message="src/test/resources/images/allow.png: (83x26) seen at (835, 332) with 0.97 in S(0)[0,0 1440x900] E:Y, T:3.0" type="FindFailed">FindFailed: src/test/resources/images/allow.png: (83x26) seen at (835, 332) with 0.97 in S(0)[0,0 1440x900] E:Y, T:3.0
  Line 2761, in file Region.java

	at org.sikuli.script.Region.wait(Region.java:2761)
	at org.sikuli.script.Region.find(Region.java:2326)
	at org.sikuli.script.Region.getLocationFromTarget(Region.java:3220)
	at org.sikuli.script.Region.click(Region.java:3718)
	at org.sikuli.script.Region.click(Region.java:3703)
	at sp.StepDefinitions.attempt_connection(StepDefinitions.java:74)
	at ✽.And attempt connection(features/quick_connect.feature:6)
</error>
  </testcase>
  <testcase classname="| ikev2 |" name="Then I should successfully connect" time="0.005">
    <skipped/>
  </testcase>
</testsuite>